[0.0.5]
- Added SimpleJSON Unity Plugin.
- Imported Herculanum Font Resource
- Imported Nations Sprite Resources
- Created English and Brazilian Portuguese Lang Resources
- Created loading screen scene
- Added Book Behaviour, wich load the data on the loading screen scene
- Improved Constants and Util Namespaces from the "MestreTramadorEMulherMotoca" Namespace
- Created "Foo" scene and "Bar" script for testing

[0.0.4]
- Renamed scenes, from "Levels" to "Books"
- Created XML Code Documentation Comments
- Improved class organization and code writing

[0.0.3]
- Improved Bending Behaviour for all four elements
- Generated new Prefabs for Bending Behaviour
- Trailed Scripts' spaces and improved code writing

[0.0.2]
- Updated Unity version to 2021.1.0f1
- Updated Unity Packages
- Created first Assets Structure
- Created Resources folder
- Imported Cursor Sprite Resources
- Created Scripts folder
- Created first Player Movement Behaviour Scripts
- Created first Player Bending Behaviour Scripts
- Generated Prefabs for Bending Behaviour
- Created "MestreTramadorEMulherMotoca" Namespace
- Improved Documentation

[0.0.1]
- Initial commit